<?xml version="1.0" encoding="UTF-8"?>
<robot generator="Robot 6.0.2 (Python 3.10.5 on win32)" generated="20230206 18:55:01.125" rpa="false" schemaversion="3">
<suite id="s1" name="Tagging" source="D:\Selenium Python Robot FW\RBAutomation2023\TestCases\Tagging.robot">
<test id="s1-t1" name="TC2 LoginTest" line="9">
<kw name="Log To Console" library="BuiltIn">
<arg>This is Login test</arg>
<doc>Logs the given message to the console.</doc>
<status status="PASS" starttime="20230206 18:55:01.151" endtime="20230206 18:55:01.151"/>
</kw>
<kw name="Log To Console" library="BuiltIn">
<arg>Login Test is over</arg>
<doc>Logs the given message to the console.</doc>
<status status="PASS" starttime="20230206 18:55:01.151" endtime="20230206 18:55:01.152"/>
</kw>
<tag>regression</tag>
<status status="PASS" starttime="20230206 18:55:01.150" endtime="20230206 18:55:01.152"/>
</test>
<test id="s1-t2" name="TC3 Change user settings" line="14">
<kw name="Log To Console" library="BuiltIn">
<arg>This is changing user settings test</arg>
<doc>Logs the given message to the console.</doc>
<status status="PASS" starttime="20230206 18:55:01.154" endtime="20230206 18:55:01.154"/>
</kw>
<kw name="Log To Console" library="BuiltIn">
<arg>Change user settings test is over</arg>
<doc>Logs the given message to the console.</doc>
<status status="PASS" starttime="20230206 18:55:01.155" endtime="20230206 18:55:01.155"/>
</kw>
<tag>regression</tag>
<status status="PASS" starttime="20230206 18:55:01.153" endtime="20230206 18:55:01.155"/>
</test>
<status status="PASS" starttime="20230206 18:55:01.129" endtime="20230206 18:55:01.156"/>
</suite>
<statistics>
<total>
<stat pass="2" fail="0" skip="0">All Tests</stat>
</total>
<tag>
<stat pass="2" fail="0" skip="0">regression</stat>
</tag>
<suite>
<stat pass="2" fail="0" skip="0" id="s1" name="Tagging">Tagging</stat>
</suite>
</statistics>
<errors>
</errors>
</robot>
